[Message:   BepInEx] BepInEx 5.4.21.0 - Lethal Company (09/01/2024 17:43:09)
[Info   :   BepInEx] Running under Unity v2022.3.9.15351836
[Info   :   BepInEx] CLR runtime version: 4.0.30319.42000
[Info   :   BepInEx] Supports SRE: True
[Info   :   BepInEx] System platform: Bits64, Windows
[Message:   BepInEx] Preloader started
[Info   :   BepInEx] Loaded 1 patcher method from [BepInEx.Preloader 5.4.21.0]
[Info   :   BepInEx] Loaded 1 patcher method from [BepInEx.MonoMod.HookGenPatcher 1.2.1.0]
[Info   :   BepInEx] 2 patcher plugins loaded
[Info   :HookGenPatcher] Previous MMHOOK location found. Using that location to save instead.
[Info   :   Console] [MonoMod] 
[Info   :   Console] Reading input file into module.
[Info   :HookGenPatcher] Starting HookGenerator
[Info   :HookGenPatcher] Done.
[Info   :HookGenPatcher] Previous MMHOOK location found. Using that location to save instead.
[Info   :HookGenPatcher] Already ran for this version, reusing that file.
[Info   :HookGenPatcher] Previous MMHOOK location found. Using that location to save instead.
[Info   :HookGenPatcher] Already ran for this version, reusing that file.
[Info   :HookGenPatcher] Previous MMHOOK location found. Using that location to save instead.
[Info   :HookGenPatcher] Already ran for this version, reusing that file.
[Info   :HookGenPatcher] Previous MMHOOK location found. Using that location to save instead.
[Info   :HookGenPatcher] Already ran for this version, reusing that file.
[Info   :HookGenPatcher] Previous MMHOOK location found. Using that location to save instead.
[Info   :HookGenPatcher] Already ran for this version, reusing that file.
[Info   :   BepInEx] Patching [UnityEngine.CoreModule] with [BepInEx.Chainloader]
[Message:   BepInEx] Preloader finished
[Message:   BepInEx] Chainloader ready
[Message:   BepInEx] Chainloader started
[Info   :   BepInEx] 17 plugins to load
[Warning:   BepInEx] Plugin [AdditionalSuits 1.1.0] targets a wrong version of BepInEx (5.4.22.0) and might not work until you update
[Warning:   BepInEx] Plugin [MoreEmotes-Sligili 1.2.2] targets a wrong version of BepInEx (5.4.22.0) and might not work until you update
[Info   :   BepInEx] Loading [AdditionalSuits 1.1.0]
[Info   :ACS.AdditionalSuits] AdditionalSuits - initializing...
[Info   :ACS.AdditionalSuits] AdditionalSuits - initialized!
[Info   :   BepInEx] Loading [Terminal Api 1.5.0]
[Info   :Terminal Api] Plugin TerminalApi is loaded!
[Info   :   BepInEx] Loading [ShipLoot 1.0]
[Info   :   BepInEx] Loading [LethalLib 0.10.1]
[Info   : LethalLib] LethalLib loaded!!
[Info   : LethalLib] Utilities.Init()
[Info   :   BepInEx] Loading [More Ship Upgrades 2.8.0]
[Debug  :More Ship Upgrades] [AssetBundleHandler] Loaded asset located in Assets/ShipUpgrades/LGUStore.prefab
[Debug  :More Ship Upgrades] [AssetBundleHandler] Loaded asset located in Assets/ShipUpgrades/IntroScreen.prefab
[Debug  :More Ship Upgrades] [AssetBundleHandler] Loaded asset located in Assets/ShipUpgrades/break.mp3
[Debug  :More Ship Upgrades] [AssetBundleHandler] Loaded asset located in Assets/ShipUpgrades/error.mp3
[Debug  :More Ship Upgrades] [AssetBundleHandler] Loaded asset located in Assets/ShipUpgrades/ButtonPress2.ogg
[Debug  :More Ship Upgrades] [AssetBundleHandler] Loaded asset located in Assets/ShipUpgrades/TpButton.asset
[Debug  :More Ship Upgrades] [AssetBundleHandler] Loaded asset located in Assets/ShipUpgrades/TpButtonAdv.asset
[Debug  :More Ship Upgrades] [AssetBundleHandler] Loaded asset located in Assets/ShipUpgrades/NightVisionItem.asset
[Debug  :More Ship Upgrades] [AssetBundleHandler] Loaded asset located in Assets/ShipUpgrades/MedKitItem.asset
[Debug  :More Ship Upgrades] [AssetBundleHandler] Loaded asset located in Assets/ShipUpgrades/coilHead.asset
[Debug  :More Ship Upgrades] [AssetBundleHandler] Loaded asset located in Assets/ShipUpgrades/Samples/SnareFleaSample.asset
[Debug  :More Ship Upgrades] [AssetBundleHandler] Loaded asset located in Assets/ShipUpgrades/Samples/BunkerSpiderSample.asset
[Debug  :More Ship Upgrades] [AssetBundleHandler] Loaded asset located in Assets/ShipUpgrades/Samples/HoardingBugSample.asset
[Debug  :More Ship Upgrades] [AssetBundleHandler] Loaded asset located in Assets/ShipUpgrades/Samples/BrackenSample.asset
[Debug  :More Ship Upgrades] [AssetBundleHandler] Loaded asset located in Assets/ShipUpgrades/Samples/EyelessDogSample.asset
[Debug  :More Ship Upgrades] [AssetBundleHandler] Loaded asset located in Assets/ShipUpgrades/Samples/BaboonHawkSample.asset
[Debug  :More Ship Upgrades] [AssetBundleHandler] Loaded asset located in Assets/ShipUpgrades/Samples/ThumperSample.asset
[Debug  :More Ship Upgrades] [AssetBundleHandler] Loaded asset located in Assets/ShipUpgrades/DivingKitItem.asset
[Debug  :More Ship Upgrades] [AssetBundleHandler] Loaded asset located in Assets/ShipUpgrades/beekeeper.prefab
[Debug  :More Ship Upgrades] [AssetBundleHandler] Loaded asset located in Assets/ShipUpgrades/ProteinPowder.prefab
[Debug  :More Ship Upgrades] [AssetBundleHandler] Loaded asset located in Assets/ShipUpgrades/BiggerLungs.prefab
[Debug  :More Ship Upgrades] [AssetBundleHandler] Loaded asset located in Assets/ShipUpgrades/runningShoes.prefab
[Debug  :More Ship Upgrades] [AssetBundleHandler] Loaded asset located in Assets/ShipUpgrades/strongLegs.prefab
[Debug  :More Ship Upgrades] [AssetBundleHandler] Loaded asset located in Assets/ShipUpgrades/destructiveCodes.prefab
[Debug  :More Ship Upgrades] [AssetBundleHandler] Loaded asset located in Assets/ShipUpgrades/nightVision.prefab
[Debug  :More Ship Upgrades] [AssetBundleHandler] Loaded asset located in Assets/ShipUpgrades/flashbangsfx.ogg
[Debug  :More Ship Upgrades] [AssetBundleHandler] Loaded asset located in Assets/ShipUpgrades/terminalFlash.prefab
[Debug  :More Ship Upgrades] [AssetBundleHandler] Loaded asset located in Assets/ShipUpgrades/strongScanner.prefab
[Debug  :More Ship Upgrades] [AssetBundleHandler] Loaded asset located in Assets/ShipUpgrades/walkieUpgrade.prefab
[Debug  :More Ship Upgrades] [AssetBundleHandler] Loaded asset located in Assets/ShipUpgrades/exoskeleton.prefab
[Debug  :More Ship Upgrades] [AssetBundleHandler] Loaded asset located in Assets/ShipUpgrades/Intern.prefab
[Debug  :More Ship Upgrades] [AssetBundleHandler] Loaded asset located in Assets/ShipUpgrades/Pager.prefab
[Debug  :More Ship Upgrades] [AssetBundleHandler] Loaded asset located in Assets/ShipUpgrades/LightningRod.prefab
[Debug  :More Ship Upgrades] [AssetBundleHandler] Loaded asset located in Assets/ShipUpgrades/LockSmith.prefab
[Debug  :More Ship Upgrades] [AssetBundleHandler] Loaded asset located in Assets/ShipUpgrades/PlayerHealth.prefab
[Debug  :More Ship Upgrades] [AssetBundleHandler] Loaded asset located in Assets/ShipUpgrades/Hunter.prefab
[Debug  :More Ship Upgrades] LGU has been patched
[Info   :   BepInEx] Loading [Lethal Company Input Utils 0.4.4]
[Info   :Lethal Company Input Utils] Plugin com.rune580.LethalCompanyInputUtils is loaded!
[Info   :   BepInEx] Loading [Needy Cats 1.1.1]
[Info   :Jordo.NeedyCats] Initialized Needy Cats
[Info   :   BepInEx] Loading [Lethal Company API 3.3.0]
[Warning:Lethal Company API] 
.____    _________           _____  __________ .___  
|    |   \_   ___ \         /  _  \ \______   \|   | 
|    |   /    \  \/        /  /_\  \ |     ___/|   | 
|    |___\     \____      /    |    \|    |    |   | 
|_______ \\______  /______\____|__  /|____|    |___| 
        \/       \//_____/        \/                 
                                                     
[Info   :Lethal Company API] LC_API Starting up..
[Info   :   BepInEx] Loading [MoreCompany 1.7.2]
[Info   :MoreCompany] Loading MoreCompany...
[Info   :MoreCompany] Checking: C:\Users\User\Downloads\Lethal Company\Lethal Company\BepInEx\plugins/MoreCompanyCosmetics
[Info   :MoreCompany] Read settings and cosmetics
[Info   :MoreCompany] Loaded cosmetic: builtin.3dglasses from bundle
[Info   :MoreCompany] Loaded cosmetic: builtin.bunnyears from bundle
[Info   :MoreCompany] Loaded cosmetic: builtin.denimhat from bundle
[Info   :MoreCompany] Loaded cosmetic: builtin.fancyglasses from bundle
[Info   :MoreCompany] Loaded cosmetic: builtin.partyglasses from bundle
[Info   :MoreCompany] Loaded cosmetic: builtin.gunholster from bundle
[Info   :MoreCompany] Loaded cosmetic: builtin.hardhat from bundle
[Info   :MoreCompany] Loaded cosmetic: builtin.jesterhat from bundle
[Info   :MoreCompany] Loaded cosmetic: builtin.kittyears from bundle
[Info   :MoreCompany] Loaded cosmetic: builtin.mimemask from bundle
[Info   :MoreCompany] Loaded cosmetic: builtin.fancypants from bundle
[Info   :MoreCompany] Loaded cosmetic: builtin.outoforder from bundle
[Info   :MoreCompany] Loaded cosmetic: builtin.partyhat from bundle
[Info   :MoreCompany] Loaded cosmetic: builtin.plaguemask from bundle
[Info   :MoreCompany] Loaded cosmetic: builtin.propellerhat from bundle
[Info   :MoreCompany] Loaded cosmetic: builtin.eyeballs from bundle
[Info   :MoreCompany] Loaded cosmetic: builtin.rudolph from bundle
[Info   :MoreCompany] Loaded cosmetic: builtin.santahat from bundle
[Info   :MoreCompany] Loaded cosmetic: builtin.slimething from bundle
[Info   :MoreCompany] Loaded cosmetic: builtin.tophat from bundle
[Info   :MoreCompany] Loaded cosmetic: builtin.watch from bundle
[Info   :MoreCompany] Loading USER COSMETICS...
[Info   :MoreCompany] Loaded MoreCompany FULLY
[Info   :   BepInEx] Loading [MoreEmotes-Sligili 1.2.2]
[Info   :MoreEmotes-Sligili] MoreEmotes loaded
[Info   :   BepInEx] Loading [Pinger 1.0.0]
[Info   :    Pinger] Plugin Pinger is loaded!
[Info   :   BepInEx] Loading [TVLoader 1.1.1]
[Info   :  TVLoader] Global has 16 videos.
[Info   :  TVLoader] Loaded 16 total.
[Info   :  TVLoader] PluginName: TVLoader, VersionString: 1.1.1 is loaded. Video Count: 16
[Info   :   BepInEx] Loading [Lethal Autocomplete 0.4.0]
[Info   :Lethal Autocomplete] Lethal Autocomplete Plugin is loaded!
[Info   :Lethal Autocomplete] c
[Info   :Lethal Autocomplete] com
[Info   :Lethal Autocomplete] c
[Info   :Lethal Autocomplete] store
[Info   :Lethal Autocomplete] store
[Info   :Lethal Autocomplete] moons
[Info   :Lethal Autocomplete] offense 
[Info   :Lethal Autocomplete] c
[Info   :Lethal Autocomplete] moons
[Info   :Lethal Autocomplete] offense
[Info   :Lethal Autocomplete] moons
[Info   :Lethal Autocomplete] c
[Info   :Lethal Autocomplete] moons
[Info   :Lethal Autocomplete] moons
[Info   :Lethal Autocomplete] offense
[Info   :Lethal Autocomplete] c
[Info   :Lethal Autocomplete] march
[Info   :Lethal Autocomplete] c
[Info   :Lethal Autocomplete] com
[Info   :Lethal Autocomplete] c
[Info   :Lethal Autocomplete] _historyIndex=20
[Message:Lethal Autocomplete] Loaded save from JSON!
[Info   :   BepInEx] Loading [Skinwalker Mod 1.0.8]
[Info   :RugbugRedfern.SkinwalkerMod] SKINWALKER MOD STARTING UP 1.0.8
[Info   :RugbugRedfern.SkinwalkerMod] VoiceEnabled_BaboonHawk VALUE LOADED FROM CONFIG: [False]
[Info   :RugbugRedfern.SkinwalkerMod] VoiceEnabled_Bracken VALUE LOADED FROM CONFIG: [True]
[Info   :RugbugRedfern.SkinwalkerMod] VoiceEnabled_BunkerSpider VALUE LOADED FROM CONFIG: [False]
[Info   :RugbugRedfern.SkinwalkerMod] VoiceEnabled_Centipede VALUE LOADED FROM CONFIG: [False]
[Info   :RugbugRedfern.SkinwalkerMod] VoiceEnabled_CoilHead VALUE LOADED FROM CONFIG: [False]
[Info   :RugbugRedfern.SkinwalkerMod] VoiceEnabled_EyelessDog VALUE LOADED FROM CONFIG: [False]
[Info   :RugbugRedfern.SkinwalkerMod] VoiceEnabled_ForestGiant VALUE LOADED FROM CONFIG: [False]
[Info   :RugbugRedfern.SkinwalkerMod] VoiceEnabled_GhostGirl VALUE LOADED FROM CONFIG: [True]
[Info   :RugbugRedfern.SkinwalkerMod] VoiceEnabled_GiantWorm VALUE LOADED FROM CONFIG: [False]
[Info   :RugbugRedfern.SkinwalkerMod] VoiceEnabled_HoardingBug VALUE LOADED FROM CONFIG: [False]
[Info   :RugbugRedfern.SkinwalkerMod] VoiceEnabled_Hygrodere VALUE LOADED FROM CONFIG: [False]
[Info   :RugbugRedfern.SkinwalkerMod] VoiceEnabled_Jester VALUE LOADED FROM CONFIG: [True]
[Info   :RugbugRedfern.SkinwalkerMod] VoiceEnabled_Masked VALUE LOADED FROM CONFIG: [True]
[Info   :RugbugRedfern.SkinwalkerMod] VoiceEnabled_Nutcracker VALUE LOADED FROM CONFIG: [False]
[Info   :RugbugRedfern.SkinwalkerMod] VoiceEnabled_SporeLizard VALUE LOADED FROM CONFIG: [False]
[Info   :RugbugRedfern.SkinwalkerMod] VoiceEnabled_Thumper VALUE LOADED FROM CONFIG: [False]
[Info   :RugbugRedfern.SkinwalkerMod] VoiceLineFrequency VALUE LOADED FROM CONFIG: [1]
[Info   :RugbugRedfern.SkinwalkerMod] Skinwalker Mod Object Initialized
[Info   :   BepInEx] Loading [Land Mine Fart Reverb 1.0.2]
[Info   :sunnobunno.landminefartreverb] sunnobunno.landminefartreverb is loading.
[Info   :sunnobunno.landminefartreverb] sunnobunno.landminefartreverb is loaded. Pee-yeww.
[Info   :   BepInEx] Loading [Late Company 1.0.9]
[Info   :Late Company] Late Company loaded!
[Info   :   BepInEx] Loading [More Suits 1.4.1]
[Info   :More Suits] Plugin More Suits is loaded!
[Message:   BepInEx] Chainloader startup complete
[Info   :Lethal Company API] LC_API Started!
[Info   : Unity Log] Saving changed settings
[Info   : Unity Log] subcribing to steam callbacks
[Info   :Jordo.NeedyCats] Added Needy Cats prefab to Network Manager.
[Error  : Unity Log] NullReferenceException: Object reference not set to an instance of an object
Stack trace:
MoreEmotes.Patch.EmotePatch.MenuStart (MenuManager __instance) (at <f5da28d14d8446a1a30ddc07194617c6>:IL_0051)
(wrapper dynamic-method) MenuManager.DMD<MenuManager::Start>(MenuManager)
(wrapper dynamic-method) MonoMod.Utils.DynamicMethodDefinition.Trampoline<MenuManager::Start>?-900286670(MenuManager)
LethalLib.Modules.Utilities.MenuManager_Start (On.MenuManager+orig_Start orig, MenuManager self) (at O:/github/LethalLib/LethalLib/Modules/Utilities.cs:80)
(wrapper dynamic-method) MonoMod.Utils.DynamicMethodDefinition.Hook<MenuManager::Start>?762976052(MenuManager)

[Info   : Unity Log] Returning week num: 4
[Info   : Unity Log] week num: 4
[Info   :RugbugRedfern.SkinwalkerMod] Audio folder not present. Don't worry about it, it will be created automatically when you play with friends. (C:/Users/User/Downloads/Lethal Company/Lethal Company/Lethal Company_Data\..\Dissonance_Diagnostics)
[Info   :RugbugRedfern.SkinwalkerMod] Audio folder not present. Don't worry about it, it will be created automatically when you play with friends. (C:/Users/User/Downloads/Lethal Company/Lethal Company/Lethal Company_Data\..\Dissonance_Diagnostics)
[Info   :RugbugRedfern.SkinwalkerMod] Audio folder not present. Don't worry about it, it will be created automatically when you play with friends. (C:/Users/User/Downloads/Lethal Company/Lethal Company/Lethal Company_Data\..\Dissonance_Diagnostics)
[Info   :RugbugRedfern.SkinwalkerMod] Audio folder not present. Don't worry about it, it will be created automatically when you play with friends. (C:/Users/User/Downloads/Lethal Company/Lethal Company/Lethal Company_Data\..\Dissonance_Diagnostics)
[Info   :RugbugRedfern.SkinwalkerMod] Audio folder not present. Don't worry about it, it will be created automatically when you play with friends. (C:/Users/User/Downloads/Lethal Company/Lethal Company/Lethal Company_Data\..\Dissonance_Diagnostics)
[Info   : Unity Log] host button pressed
[Info   : Unity Log] Returning week num: 4
[Info   :RugbugRedfern.SkinwalkerMod] Audio folder not present. Don't worry about it, it will be created automatically when you play with friends. (C:/Users/User/Downloads/Lethal Company/Lethal Company/Lethal Company_Data\..\Dissonance_Diagnostics)
[Info   : Unity Log] Displaying menu message
[Info   : Unity Log] Connection approval callback! Game version of client request: 
[Info   : Unity Log] Joining client id: 0; Local/host client id: 0
[Info   : Unity Log] Stopped connection approval callback, as the client in question was the host!
[Warning: Unity Log] [Netcode] You cannot decline the host connection. The connection was automatically approved.
[Info   : Unity Log] started host!
[Info   : Unity Log] are we in a server?: True
[Message:Lethal Company API] server pre-setup success
[Info   : Unity Log] Lobby has been created
[Info   : Unity Log] StartOfRound.Awake() is called
[Info   :Jordo.NeedyCats] Added Needy Cats to items list.
[Info   : LethalLib] MoreShipUpgrades registered item: Portable Tele
[Info   : LethalLib] MoreShipUpgrades registered item: Advanced Portable Tele
[Info   : LethalLib] MoreShipUpgrades registered item: Night Vision Goggles
[Info   : LethalLib] MoreShipUpgrades registered item: Medkit
[Info   : LethalLib] MoreShipUpgrades registered item: Peeper
[Info   : LethalLib] MoreShipUpgrades registered item: Diving Kit
[Info   : LethalLib] Adding 0 unlockables to unlockables list
[Info   : Unity Log] Enabling connection callbacks in StartOfRound
[Info   : Unity Log] Began listening to SceneManager_OnLoadComplete1 on this client
[Info   : LethalLib] Adding 6 items to terminal
[Warning: Unity Log] NetworkVariable is written to, but doesn't know its NetworkBehaviour yet. Are you modifying a NetworkVariable before the NetworkObject is spawned?
[Warning: Unity Log] NetworkVariable is written to, but doesn't know its NetworkBehaviour yet. Are you modifying a NetworkVariable before the NetworkObject is spawned?
[Warning: Unity Log] NetworkVariable is written to, but doesn't know its NetworkBehaviour yet. Are you modifying a NetworkVariable before the NetworkObject is spawned?
[Warning: Unity Log] NetworkVariable is written to, but doesn't know its NetworkBehaviour yet. Are you modifying a NetworkVariable before the NetworkObject is spawned?
[Warning: Unity Log] NetworkVariable is written to, but doesn't know its NetworkBehaviour yet. Are you modifying a NetworkVariable before the NetworkObject is spawned?
[Warning: Unity Log] NetworkVariable is written to, but doesn't know its NetworkBehaviour yet. Are you modifying a NetworkVariable before the NetworkObject is spawned?
[Warning: Unity Log] NetworkVariable is written to, but doesn't know its NetworkBehaviour yet. Are you modifying a NetworkVariable before the NetworkObject is spawned?
[Warning: Unity Log] NetworkVariable is written to, but doesn't know its NetworkBehaviour yet. Are you modifying a NetworkVariable before the NetworkObject is spawned?
[Warning: Unity Log] NetworkVariable is written to, but doesn't know its NetworkBehaviour yet. Are you modifying a NetworkVariable before the NetworkObject is spawned?
[Warning: Unity Log] NetworkVariable is written to, but doesn't know its NetworkBehaviour yet. Are you modifying a NetworkVariable before the NetworkObject is spawned?
[Warning: Unity Log] NetworkVariable is written to, but doesn't know its NetworkBehaviour yet. Are you modifying a NetworkVariable before the NetworkObject is spawned?
[Warning: Unity Log] NetworkVariable is written to, but doesn't know its NetworkBehaviour yet. Are you modifying a NetworkVariable before the NetworkObject is spawned?
[Info   :RugbugRedfern.SkinwalkerMod] HOST SENDING CONFIG TO CLIENTS
[Info   :RugbugRedfern.SkinwalkerMod] SkinwalkerNetworkManager Awake
[Info   : Unity Log] Initialized SkinwalkerNetworkManager
[Warning: Unity Log] damageTrigger is disabled! Netcode for GameObjects does not support spawning disabled NetworkBehaviours! The InteractTrigger component was skipped during spawn!
[Info   : LethalLib] Diagetic mixer is Diagetic
[Info   : LethalLib] Found 0 prefabs to fix
[Info   : LethalLib] Added custom dungeons to levels
[Info   :ACS.AdditionalSuits] AdditionalSuits - attempting to parse json file: C:\Users\User\Downloads\Lethal Company\Lethal Company\BepInEx\plugins\resAdditionalSuits\suit-defs.json
[Info   :ACS.AdditionalSuits] AdditionalSuits - converting json file to manifest...
[Info   :ACS.AdditionalSuits] AdditionalSuits - loading item defs from manifest, 8 items were found...
[Info   :ACS.AdditionalSuits] AdditionalSuits - processing custom suit {id=0_Red_Suit, name=Red Suit}...
[Info   :ACS.AdditionalSuits] AdditionalSuits - added custom suit {id=0_Red_Suit, name=Red Suit}!
[Info   :ACS.AdditionalSuits] AdditionalSuits - processing custom suit {id=1_Yellow_Suit, name=Yellow Suit}...
[Info   :ACS.AdditionalSuits] AdditionalSuits - added custom suit {id=1_Yellow_Suit, name=Yellow Suit}!
[Info   :ACS.AdditionalSuits] AdditionalSuits - processing custom suit {id=2_Green_Suit, name=Green Suit}...
[Info   :ACS.AdditionalSuits] AdditionalSuits - added custom suit {id=2_Green_Suit, name=Green Suit}!
[Info   :ACS.AdditionalSuits] AdditionalSuits - processing custom suit {id=3_Blue_Suit, name=Blue Suit}...
[Info   :ACS.AdditionalSuits] AdditionalSuits - added custom suit {id=3_Blue_Suit, name=Blue Suit}!
[Info   :ACS.AdditionalSuits] AdditionalSuits - processing custom suit {id=4_Purple_Suit, name=Purple Suit}...
[Info   :ACS.AdditionalSuits] AdditionalSuits - added custom suit {id=4_Purple_Suit, name=Purple Suit}!
[Info   :ACS.AdditionalSuits] AdditionalSuits - processing custom suit {id=5_Pink_Suit, name=Pink Suit}...
[Info   :ACS.AdditionalSuits] AdditionalSuits - added custom suit {id=5_Pink_Suit, name=Pink Suit}!
[Info   :ACS.AdditionalSuits] AdditionalSuits - processing custom suit {id=6_White_Suit, name=White Suit}...
[Info   :ACS.AdditionalSuits] AdditionalSuits - added custom suit {id=6_White_Suit, name=White Suit}!
[Info   :ACS.AdditionalSuits] AdditionalSuits - processing custom suit {id=7_Black_Suit, name=Black Suit}...
[Info   :ACS.AdditionalSuits] AdditionalSuits - added custom suit {id=7_Black_Suit, name=Black Suit}!
[Info   :ACS.AdditionalSuits] AdditionalSuits - loaded item defs from json file!
[Info   :Jordo.NeedyCats] Added Needy Cats to all levels.
[Info   : Unity Log] level id: 3
[Info   : Unity Log] Changing level
[Info   : Unity Log] Item sales percentages #0: 0
[Info   : Unity Log] Item sales percentages #1: 0
[Info   : Unity Log] Item sales percentages #2: 0
[Info   : Unity Log] Item sales percentages #3: 0
[Info   : Unity Log] Item sales percentages #4: 0
[Info   : Unity Log] Item sales percentages #5: 0
[Info   : Unity Log] Item sales percentages #6: 0
[Info   : Unity Log] Item sales percentages #7: 0
[Info   : Unity Log] Item sales percentages #8: 0
[Info   : Unity Log] Item sales percentages #9: 0
[Info   : Unity Log] Item sales percentages #10: 0
[Info   : Unity Log] Item sales percentages #11: 0
[Info   : Unity Log] Item sales percentages #12: 0
[Info   : Unity Log] Item sales percentages #13: 0
[Info   : Unity Log] Item sales percentages #14: 0
[Info   : Unity Log] Item sales percentages #15: 0
[Info   : Unity Log] Item sales percentages #16: 0
[Info   : Unity Log] Item sales percentages #17: 0
[Info   : Unity Log] Item sales percentages #18: 0
[Info   : Unity Log] Loading placed object position as: (4.53, 2.14, -12.39)
[Info   : Unity Log] Saving placed position as: (4.53, 2.14, -12.39)
[Warning: Unity Log] NetworkVariable is written to, but doesn't know its NetworkBehaviour yet. Are you modifying a NetworkVariable before the NetworkObject is spawned?
[Warning: Unity Log] NetworkVariable is written to, but doesn't know its NetworkBehaviour yet. Are you modifying a NetworkVariable before the NetworkObject is spawned?
[Warning: Unity Log] NetworkVariable is written to, but doesn't know its NetworkBehaviour yet. Are you modifying a NetworkVariable before the NetworkObject is spawned?
[Warning: Unity Log] NetworkVariable is written to, but doesn't know its NetworkBehaviour yet. Are you modifying a NetworkVariable before the NetworkObject is spawned?
[Warning: Unity Log] NetworkVariable is written to, but doesn't know its NetworkBehaviour yet. Are you modifying a NetworkVariable before the NetworkObject is spawned?
[Warning: Unity Log] NetworkVariable is written to, but doesn't know its NetworkBehaviour yet. Are you modifying a NetworkVariable before the NetworkObject is spawned?
[Warning: Unity Log] NetworkVariable is written to, but doesn't know its NetworkBehaviour yet. Are you modifying a NetworkVariable before the NetworkObject is spawned?
[Warning: Unity Log] NetworkVariable is written to, but doesn't know its NetworkBehaviour yet. Are you modifying a NetworkVariable before the NetworkObject is spawned?
[Warning: Unity Log] NetworkVariable is written to, but doesn't know its NetworkBehaviour yet. Are you modifying a NetworkVariable before the NetworkObject is spawned?
[Warning: Unity Log] NetworkVariable is written to, but doesn't know its NetworkBehaviour yet. Are you modifying a NetworkVariable before the NetworkObject is spawned?
[Warning: Unity Log] NetworkVariable is written to, but doesn't know its NetworkBehaviour yet. Are you modifying a NetworkVariable before the NetworkObject is spawned?
[Warning: Unity Log] NetworkVariable is written to, but doesn't know its NetworkBehaviour yet. Are you modifying a NetworkVariable before the NetworkObject is spawned?
[Warning: Unity Log] NetworkVariable is written to, but doesn't know its NetworkBehaviour yet. Are you modifying a NetworkVariable before the NetworkObject is spawned?
[Warning: Unity Log] NetworkVariable is written to, but doesn't know its NetworkBehaviour yet. Are you modifying a NetworkVariable before the NetworkObject is spawned?
[Warning: Unity Log] NetworkVariable is written to, but doesn't know its NetworkBehaviour yet. Are you modifying a NetworkVariable before the NetworkObject is spawned?
[Warning: Unity Log] NetworkVariable is written to, but doesn't know its NetworkBehaviour yet. Are you modifying a NetworkVariable before the NetworkObject is spawned?
[Warning: Unity Log] NetworkVariable is written to, but doesn't know its NetworkBehaviour yet. Are you modifying a NetworkVariable before the NetworkObject is spawned?
[Warning: Unity Log] NetworkVariable is written to, but doesn't know its NetworkBehaviour yet. Are you modifying a NetworkVariable before the NetworkObject is spawned?
[Warning: Unity Log] NetworkVariable is written to, but doesn't know its NetworkBehaviour yet. Are you modifying a NetworkVariable before the NetworkObject is spawned?
[Warning: Unity Log] NetworkVariable is written to, but doesn't know its NetworkBehaviour yet. Are you modifying a NetworkVariable before the NetworkObject is spawned?
[Warning: Unity Log] NetworkVariable is written to, but doesn't know its NetworkBehaviour yet. Are you modifying a NetworkVariable before the NetworkObject is spawned?
[Warning: Unity Log] NetworkVariable is written to, but doesn't know its NetworkBehaviour yet. Are you modifying a NetworkVariable before the NetworkObject is spawned?
[Warning: Unity Log] NetworkVariable is written to, but doesn't know its NetworkBehaviour yet. Are you modifying a NetworkVariable before the NetworkObject is spawned?
[Info   : Unity Log] Ship grabbable items list loaded. Count: 30
[Info   : Unity Log] Setting scrap value for item: MetalSheet(Clone): 14
[Info   : Unity Log] Setting scrap value for item: YieldSign(Clone): 45
[Info   : Unity Log] Setting scrap value for item: Cog(Clone): 54
[Info   : Unity Log] Setting scrap value for item: Hairbrush(Clone): 25
[Info   : Unity Log] Setting scrap value for item: EnginePart(Clone): 37
[Info   : Unity Log] Setting scrap value for item: Cog(Clone): 44
[Info   : Unity Log] Setting scrap value for item: Airhorn(Clone): 57
[Info   : Unity Log] Setting scrap value for item: MetalSheet(Clone): 18
[Info   : Unity Log] Setting scrap value for item: LungApparatusTurnedOff(Clone): 80
[Info   : Unity Log] Setting scrap value for item: Clownhorn(Clone): 52
[Info   : Unity Log] Setting scrap value for item: FishTestProp(Clone): 39
[Info   : Unity Log] Setting scrap value for item: MagnifyingGlass(Clone): 54
[Info   : Unity Log] Setting scrap value for item: BigBolt(Clone): 23
[Info   : Unity Log] Setting scrap value for item: StopSign(Clone): 29
[Info   : Unity Log] Setting scrap value for item: MetalSheet(Clone): 15
[Info   : Unity Log] Setting scrap value for item: MetalSheet(Clone): 26
[Info   : Unity Log] Setting scrap value for item: YieldSign(Clone): 22
[Info   : Unity Log] Setting scrap value for item: FishTestProp(Clone): 43
[Info   : Unity Log] Setting scrap value for item: BinFullOfBottles(Clone): 44
[Info   : Unity Log] Setting scrap value for item: Hairbrush(Clone): 34
[Info   : Unity Log] Setting scrap value for item: Cog(Clone): 39
[Info   : Unity Log] Setting scrap value for item: Airhorn(Clone): 57
[Info   : Unity Log] Setting scrap value for item: Dustpan(Clone): 26
[Info   : Unity Log] Setting scrap value for item: BinFullOfBottles(Clone): 54
[Info   : Unity Log] Setting scrap value for item: LungApparatusTurnedOff(Clone): 80
[Info   : Unity Log] Setting scrap value for item: BinFullOfBottles(Clone): 50
[Warning: Unity Log] The referenced script (SelectionWheel) on this Behaviour is missing!
[Warning: Unity Log] The referenced script on this Behaviour (Game Object 'MoreEmotesMenu') is missing!
[Warning: Unity Log] The referenced script on this Behaviour (Game Object '<null>') is missing!
[Warning: Unity Log] The referenced script (SelectionWheel) on this Behaviour is missing!
[Warning: Unity Log] The referenced script on this Behaviour (Game Object 'MoreEmotesMenu') is missing!
[Warning: Unity Log] The referenced script on this Behaviour (Game Object '<null>') is missing!
[Warning: Unity Log] The referenced script (SelectionWheel) on this Behaviour is missing!
[Warning: Unity Log] The referenced script on this Behaviour (Game Object 'MoreEmotesMenu') is missing!
[Warning: Unity Log] The referenced script on this Behaviour (Game Object '<null>') is missing!
[Warning: Unity Log] The referenced script (SelectionWheel) on this Behaviour is missing!
[Warning: Unity Log] The referenced script on this Behaviour (Game Object 'MoreEmotesMenu') is missing!
[Warning: Unity Log] The referenced script on this Behaviour (Game Object '<null>') is missing!
[Warning: Unity Log] The referenced script (SelectionWheel) on this Behaviour is missing!
[Warning: Unity Log] The referenced script on this Behaviour (Game Object 'MoreEmotesMenu') is missing!
[Info   : LethalLib] Adding 0 items to terminal
[Info   : Unity Log] Item sales percentages #0: 0
[Info   : Unity Log] Item sales percentages #1: 0
[Info   : Unity Log] Item sales percentages #2: 0
[Info   : Unity Log] Item sales percentages #3: 0
[Info   : Unity Log] Item sales percentages #4: 0
[Info   : Unity Log] Item sales percentages #5: 0
[Info   : Unity Log] Item sales percentages #6: 0
[Info   : Unity Log] Item sales percentages #7: 0
[Info   : Unity Log] Item sales percentages #8: 0
[Info   : Unity Log] Item sales percentages #9: 0
[Info   : Unity Log] Item sales percentages #10: 0
[Info   : Unity Log] Item sales percentages #11: 0
[Info   : Unity Log] Item sales percentages #12: 0
[Info   : Unity Log] Item sales percentages #13: 0
[Info   : Unity Log] Item sales percentages #14: 0
[Info   : Unity Log] Item sales percentages #15: 0
[Info   : Unity Log] Item sales percentages #16: 0
[Info   : Unity Log] Item sales percentages #17: 0
[Info   : Unity Log] Item sales percentages #18: 0
[Info   : Unity Log] Group credits: 240
[Warning:Lethal Autocomplete] Terminal is started
[Error  :Lethal Autocomplete] System.NullReferenceException: Object reference not set to an instance of an object
  at LethalAutocomplete.Autocomplete.Insert (TerminalKeyword terminalKeyword) [0x000f2] in <c6f017bcb450410b96bccf8d89cc300c>:IL_00F2 
  at LethalAutocomplete.AutocompleteManager.TerminalIsStarted (System.Object sender, TerminalApi.Events.Events+TerminalEventArgs e) [0x00025] in <c6f017bcb450410b96bccf8d89cc300c>:IL_0025 
[Error  : Unity Log] NullReferenceException: Object reference not set to an instance of an object
Stack trace:
LethalAutocomplete.Autocomplete.Insert (TerminalKeyword terminalKeyword) (at <c6f017bcb450410b96bccf8d89cc300c>:IL_00F2)
LethalAutocomplete.AutocompleteManager.TerminalIsStarted (System.Object sender, TerminalApi.Events.Events+TerminalEventArgs e) (at <c6f017bcb450410b96bccf8d89cc300c>:IL_0078)
TerminalApi.Events.Events.Started (Terminal& __instance) (at <0893575295b048d79d0ffac1e15ccc1b>:IL_0019)
(wrapper dynamic-method) Terminal.DMD<Terminal::Start>(Terminal)
(wrapper dynamic-method) MonoMod.Utils.DynamicMethodDefinition.Trampoline<Terminal::Start>?-556613162(Terminal)
LethalLib.Modules.Enemies.Terminal_Start (On.Terminal+orig_Start orig, Terminal self) (at O:/github/LethalLib/LethalLib/Modules/Enemies.cs:102)
(wrapper dynamic-method) MonoMod.Utils.DynamicMethodDefinition.Hook<Terminal::Start>?-1148732928(Terminal)
(wrapper dynamic-method) MonoMod.Utils.DynamicMethodDefinition.Trampoline<Terminal::Start>?-1542551328(Terminal)
LethalLib.Modules.Unlockables.Terminal_Start (On.Terminal+orig_Start orig, Terminal self) (at O:/github/LethalLib/LethalLib/Modules/Unlockables.cs:238)
(wrapper dynamic-method) MonoMod.Utils.DynamicMethodDefinition.Hook<Terminal::Start>?438592952(Terminal)

[Warning: Unity Log] The referenced script on this Behaviour (Game Object '<null>') is missing!
[Warning: Unity Log] The referenced script (SelectionWheel) on this Behaviour is missing!
[Warning: Unity Log] The referenced script on this Behaviour (Game Object 'MoreEmotesMenu') is missing!
[Warning: Unity Log] The referenced script on this Behaviour (Game Object '<null>') is missing!
[Warning: Unity Log] The referenced script (SelectionWheel) on this Behaviour is missing!
[Warning: Unity Log] The referenced script on this Behaviour (Game Object 'MoreEmotesMenu') is missing!
[Warning: Unity Log] The referenced script on this Behaviour (Game Object '<null>') is missing!
[Warning: Unity Log] The referenced script (SelectionWheel) on this Behaviour is missing!
[Warning: Unity Log] The referenced script on this Behaviour (Game Object 'MoreEmotesMenu') is missing!
[Warning: Unity Log] The referenced script on this Behaviour (Game Object '<null>') is missing!
[Warning: Unity Log] The referenced script (SelectionWheel) on this Behaviour is missing!
[Warning: Unity Log] The referenced script on this Behaviour (Game Object 'MoreEmotesMenu') is missing!
[Warning: Unity Log] The referenced script on this Behaviour (Game Object '<null>') is missing!
[Warning: Unity Log] The referenced script (SelectionWheel) on this Behaviour is missing!
[Warning: Unity Log] The referenced script on this Behaviour (Game Object 'MoreEmotesMenu') is missing!
[Warning: Unity Log] The referenced script on this Behaviour (Game Object '<null>') is missing!
[Warning: Unity Log] The referenced script (SelectionWheel) on this Behaviour is missing!
[Warning: Unity Log] The referenced script on this Behaviour (Game Object 'MoreEmotesMenu') is missing!
[Warning: Unity Log] The referenced script on this Behaviour (Game Object '<null>') is missing!
[Warning: Unity Log] The referenced script (SelectionWheel) on this Behaviour is missing!
[Warning: Unity Log] The referenced script on this Behaviour (Game Object 'MoreEmotesMenu') is missing!
[Warning: Unity Log] The referenced script on this Behaviour (Game Object '<null>') is missing!
[Warning: Unity Log] The referenced script (SelectionWheel) on this Behaviour is missing!
[Warning: Unity Log] The referenced script on this Behaviour (Game Object 'MoreEmotesMenu') is missing!
[Info   : Unity Log] Taking control of player Player and enabling camera!
[Info   : Unity Log] Starting voice tracking for player: verencias
[Info   : Unity Log] !!!! ENABLING CAMERA FOR PLAYER: Player
[Info   : Unity Log] !!!! connectedPlayersAmount: 0
[Debug  :More Ship Upgrades] [AssetBundleHandler] Loaded asset located in Assets/ShipUpgrades/beekeeper.prefab
[Debug  :More Ship Upgrades] [AssetBundleHandler] Loaded asset located in Assets/ShipUpgrades/ProteinPowder.prefab
[Debug  :More Ship Upgrades] [AssetBundleHandler] Loaded asset located in Assets/ShipUpgrades/BiggerLungs.prefab
[Debug  :More Ship Upgrades] [AssetBundleHandler] Loaded asset located in Assets/ShipUpgrades/runningShoes.prefab
[Debug  :More Ship Upgrades] [AssetBundleHandler] Loaded asset located in Assets/ShipUpgrades/strongLegs.prefab
[Debug  :More Ship Upgrades] [AssetBundleHandler] Loaded asset located in Assets/ShipUpgrades/destructiveCodes.prefab
[Debug  :More Ship Upgrades] [AssetBundleHandler] Loaded asset located in Assets/ShipUpgrades/nightVision.prefab
[Debug  :More Ship Upgrades] [AssetBundleHandler] Loaded asset located in Assets/ShipUpgrades/flashbangsfx.ogg
[Debug  :More Ship Upgrades] [AssetBundleHandler] Loaded asset located in Assets/ShipUpgrades/terminalFlash.prefab
[Debug  :More Ship Upgrades] [AssetBundleHandler] Loaded asset located in Assets/ShipUpgrades/Hunter.prefab
[Debug  :More Ship Upgrades] [AssetBundleHandler] Loaded asset located in Assets/ShipUpgrades/strongScanner.prefab
[Debug  :More Ship Upgrades] [AssetBundleHandler] Loaded asset located in Assets/ShipUpgrades/LightningRod.prefab
[Debug  :More Ship Upgrades] [AssetBundleHandler] Loaded asset located in Assets/ShipUpgrades/walkieUpgrade.prefab
[Debug  :More Ship Upgrades] [AssetBundleHandler] Loaded asset located in Assets/ShipUpgrades/exoskeleton.prefab
[Debug  :More Ship Upgrades] [AssetBundleHandler] Loaded asset located in Assets/ShipUpgrades/Intern.prefab
[Debug  :More Ship Upgrades] [AssetBundleHandler] Loaded asset located in Assets/ShipUpgrades/PlayerHealth.prefab
[Debug  :More Ship Upgrades] [AssetBundleHandler] Loaded asset located in Assets/ShipUpgrades/Pager.prefab
[Debug  :More Ship Upgrades] [AssetBundleHandler] Loaded asset located in Assets/ShipUpgrades/LockSmith.prefab
[Error  : Unity Log] ArgumentException: An item with the same key has already been added. Key: Player (GameNetcodeStuff.PlayerControllerB)
Stack trace:
System.Collections.Generic.Dictionary`2[TKey,TValue].TryInsert (TKey key, TValue value, System.Collections.Generic.InsertionBehavior behavior) (at <787acc3c9a4c471ba7d971300105af24>:IL_015A)
System.Collections.Generic.Dictionary`2[TKey,TValue].Add (TKey key, TValue value) (at <787acc3c9a4c471ba7d971300105af24>:IL_0000)
LC_API.GameInterfaceAPI.Features.Player.Start () (at <963f0830b2c5469a935b4ab458828ba4>:IL_0023)

[Info   :    Pinger] StartOfRound.Instance found...
[Info   : Unity Log] Has beta?: {hasBeta}
[Info   : Unity Log] Has beta save data: True
[Warning: Unity Log] BoxColliders does not support negative scale or size.
The effective box size has been forced positive and is likely to give unexpected collision geometry.
If you absolutely need to use negative scaling you can use the convex MeshCollider. Scene hierarchy path "Environment/HangarShip/LightSwitchContainer/PlacementCollider"
[Warning: Unity Log] BoxColliders does not support negative scale or size.
The effective box size has been forced positive and is likely to give unexpected collision geometry.
If you absolutely need to use negative scaling you can use the convex MeshCollider. Scene hierarchy path "Environment/HangarShip/Cube"
[Warning: Unity Log] BoxColliders does not support negative scale or size.
The effective box size has been forced positive and is likely to give unexpected collision geometry.
If you absolutely need to use negative scaling you can use the convex MeshCollider. Scene hierarchy path "Environment/HangarShip/AnimatedShipDoor/HangarDoorLeft (1)"
[Warning: Unity Log] BoxColliders does not support negative scale or size.
The effective box size has been forced positive and is likely to give unexpected collision geometry.
If you absolutely need to use negative scaling you can use the convex MeshCollider. Scene hierarchy path "Environment/HangarShip/ShipBottomColliders/Cube (1)"
[Warning: Unity Log] BoxColliders does not support negative scale or size.
The effective box size has been forced positive and is likely to give unexpected collision geometry.
If you absolutely need to use negative scaling you can use the convex MeshCollider. Scene hierarchy path "Environment/HangarShip/ControlDesk.001"
[Warning: Unity Log] BoxColliders does not support negative scale or size.
The effective box size has been forced positive and is likely to give unexpected collision geometry.
If you absolutely need to use negative scaling you can use the convex MeshCollider. Scene hierarchy path "Environment/HangarShip/ShipBottomColliders/Cube (3)"
[Warning: Unity Log] BoxColliders does not support negative scale or size.
The effective box size has been forced positive and is likely to give unexpected collision geometry.
If you absolutely need to use negative scaling you can use the convex MeshCollider. Scene hierarchy path "Environment/HangarShip/ShipBottomColliders/Cube (7)"
[Warning: Unity Log] BoxColliders does not support negative scale or size.
The effective box size has been forced positive and is likely to give unexpected collision geometry.
If you absolutely need to use negative scaling you can use the convex MeshCollider. Scene hierarchy path "Environment/HangarShip/ShipBottomColliders/Cube (6)"
[Warning: Unity Log] BoxColliders does not support negative scale or size.
The effective box size has been forced positive and is likely to give unexpected collision geometry.
If you absolutely need to use negative scaling you can use the convex MeshCollider. Scene hierarchy path "Environment/HangarShip/ShipBottomColliders/Cube (8)"
[Warning: Unity Log] BoxColliders does not support negative scale or size.
The effective box size has been forced positive and is likely to give unexpected collision geometry.
If you absolutely need to use negative scaling you can use the convex MeshCollider. Scene hierarchy path "Environment/HangarShip/ShipBottomColliders/Cube (5)"
[Warning: Unity Log] BoxColliders does not support negative scale or size.
The effective box size has been forced positive and is likely to give unexpected collision geometry.
If you absolutely need to use negative scaling you can use the convex MeshCollider. Scene hierarchy path "Environment/HangarShip/ShipBottomColliders/Cube (4)"
[Warning: Unity Log] BoxColliders does not support negative scale or size.
The effective box size has been forced positive and is likely to give unexpected collision geometry.
If you absolutely need to use negative scaling you can use the convex MeshCollider. Scene hierarchy path "Environment/HangarShip/EnginePart(Clone)/ScanNode"
[Warning: Unity Log] BoxColliders does not support negative scale or size.
The effective box size has been forced positive and is likely to give unexpected collision geometry.
If you absolutely need to use negative scaling you can use the convex MeshCollider. Scene hierarchy path "Environment/HangarShip/EnginePart(Clone)"
[Warning: Unity Log] BoxColliders does not support negative scale or size.
The effective box size has been forced positive and is likely to give unexpected collision geometry.
If you absolutely need to use negative scaling you can use the convex MeshCollider. Scene hierarchy path "Environment/HangarShip/StorageCloset/Cube.000/Cube"
[Info   : Unity Log] 76561198187888623
[Info   :RugbugRedfern.SkinwalkerMod] Audio folder not present. Don't worry about it, it will be created automatically when you play with friends. (C:/Users/User/Downloads/Lethal Company/Lethal Company/Lethal Company_Data\..\Dissonance_Diagnostics)
[Warning:Lethal Company API] Asking all other players for their mod list..
[Info   :RugbugRedfern.SkinwalkerMod] Audio folder not present. Don't worry about it, it will be created automatically when you play with friends. (C:/Users/User/Downloads/Lethal Company/Lethal Company/Lethal Company_Data\..\Dissonance_Diagnostics)
[Info   :RugbugRedfern.SkinwalkerMod] Audio folder not present. Don't worry about it, it will be created automatically when you play with friends. (C:/Users/User/Downloads/Lethal Company/Lethal Company/Lethal Company_Data\..\Dissonance_Diagnostics)
[Info   : Unity Log] Leaving current lobby
[Info   : Unity Log] Disconnecting and setting networkobjects to destroy with owner
[Info   : Unity Log] Server is not active; quitting to main menu
[Info   : Unity Log] Resetting unlockables list!
[Info   : Unity Log] Terminal disabled, disabling ESC key listener
[Info   : Unity Log] DISABLING connection callbacks in round manager
[Info   :RugbugRedfern.SkinwalkerMod] SkinwalkerNetworkManager OnDestroy
[Info   : Unity Log] unsubscribing from steam callbacks
